2019-03-12T02:32:29.416Z - normal: Load ~/.CocosCreator/settings.json
2019-03-12T02:32:30.538Z - normal: Initializing Asset Database
2019-03-12T02:32:30.544Z - normal: checking language setting...
2019-03-12T02:32:30.544Z - normal: Language: zh
2019-03-12T02:32:31.299Z - success: preview server running at http://localhost:7456
2019-03-12T02:32:31.302Z - success: protocol editor-framework registered
2019-03-12T02:32:31.302Z - success: protocol app registered
2019-03-12T02:32:31.302Z - success: protocol theme registered
2019-03-12T02:32:31.302Z - success: protocol packages registered
2019-03-12T02:32:31.303Z - success: protocol uuid registerred
2019-03-12T02:32:31.303Z - success: protocol db registerred
2019-03-12T02:32:31.303Z - success: protocol thumbnail registerred
2019-03-12T02:32:31.303Z - success: protocol unpack registerred
2019-03-12T02:32:31.303Z - success: protocol disable-commonjs registerred
2019-03-12T02:32:31.407Z - normal: connected!
2019-03-12T02:32:31.408Z - normal: Check project C:\Projects\Game_Car_Production
2019-03-12T02:32:31.409Z - normal: Initializing project C:\Projects\Game_Car_Production
2019-03-12T02:32:31.840Z - normal: Initializing Cocos2d
2019-03-12T02:32:32.662Z - normal: Initializing engine extends
2019-03-12T02:32:32.681Z - success: asset-db-debugger loaded
2019-03-12T02:32:32.682Z - success: baidu-adapter loaded
2019-03-12T02:32:32.684Z - success: code-editor loaded
2019-03-12T02:32:32.684Z - success: color-picker loaded
2019-03-12T02:32:32.777Z - success: fb-audience-network loaded
2019-03-12T02:32:32.836Z - success: fb-live-stream loaded
2019-03-12T02:32:32.840Z - success: google-play-instant loaded
2019-03-12T02:32:32.845Z - success: huawei-runtime loaded
2019-03-12T02:32:32.846Z - success: jsb-adapter loaded
2019-03-12T02:32:32.852Z - success: oppo-runtime loaded
2019-03-12T02:32:32.855Z - success: package-manager loaded
2019-03-12T02:32:32.981Z - success: qqplay-adapter loaded
2019-03-12T02:32:32.982Z - success: runtime-dev-tools loaded
2019-03-12T02:32:32.986Z - success: sdkbox loaded
2019-03-12T02:32:32.989Z - success: tester loaded
2019-03-12T02:32:32.991Z - success: ui-grid loaded
2019-03-12T02:32:32.993Z - success: ui-kit-preview-extra loaded
2019-03-12T02:32:32.994Z - success: ui-kit-preview loaded
2019-03-12T02:32:32.996Z - success: ui-kit loaded
2019-03-12T02:32:32.998Z - success: ui-tree loaded
2019-03-12T02:32:33.002Z - success: vivo-runtime loaded
2019-03-12T02:32:33.003Z - success: weapp-adapter loaded
2019-03-12T02:32:33.048Z - success: assets loaded
2019-03-12T02:32:33.049Z - success: builder loaded
2019-03-12T02:32:33.331Z - success: cocos-services loaded
2019-03-12T02:32:33.334Z - success: console loaded
2019-03-12T02:32:33.370Z - success: fb-instant-games loaded
2019-03-12T02:32:33.372Z - success: google-instant-games loaded
2019-03-12T02:32:33.375Z - success: hierarchy loaded
2019-03-12T02:32:33.377Z - success: inspector loaded
2019-03-12T02:32:33.378Z - success: keystore loaded
2019-03-12T02:32:33.382Z - success: node-library loaded
2019-03-12T02:32:33.383Z - success: package-asset loaded
2019-03-12T02:32:33.384Z - success: preferences loaded
2019-03-12T02:32:33.385Z - success: project-exporter loaded
2019-03-12T02:32:33.387Z - success: project-importer loaded
2019-03-12T02:32:33.388Z - success: project-settings loaded
2019-03-12T02:32:33.391Z - success: scene loaded
2019-03-12T02:32:33.393Z - success: simulator-debugger loaded
2019-03-12T02:32:33.394Z - success: sprite-editor loaded
2019-03-12T02:32:33.398Z - success: store loaded
2019-03-12T02:32:33.401Z - success: timeline loaded
2019-03-12T02:32:35.223Z - info: Cocos Services load base data!
2019-03-12T02:32:36.781Z - normal: Loading packages
2019-03-12T02:32:36.787Z - normal: Watching packages
2019-03-12T02:32:37.692Z - normal: Run Application
2019-03-12T02:43:44.676Z - info: shutdown preview server
